<?xml version="1.0" encoding="UTF-8"?>
<testng-results ignored="0" total="1" passed="1" failed="0" skipped="0">
  <reporter-output>
  </reporter-output>
  <suite started-at="2022-07-14T19:19:45 BST" name="com.protonframework" finished-at="2022-07-14T19:20:06 BST" duration-ms="20673">
    <groups>
      <group name="cucumber">
        <method signature="AbstractTestNGCucumberTests.runScenario(io.cucumber.testng.PickleWrapper, io.cucumber.testng.FeatureWrapper)[pri:0, instance:com.base.TestRunner@15eb5ee5]" name="runScenario" class="io.cucumber.testng.AbstractTestNGCucumberTests"/>
      </group> <!-- cucumber -->
    </groups>
    <test started-at="2022-07-14T19:19:45 BST" name="protonframework" finished-at="2022-07-14T19:20:06 BST" duration-ms="20673">
      <class name="com.base.TestRunner">
        <test-method is-config="true" signature="setUpClass(org.testng.ITestContext)[pri:0, instance:com.base.TestRunner@15eb5ee5]" started-at="2022-07-14T19:19:45 BST" name="setUpClass" finished-at="2022-07-14T19:19:46 BST" duration-ms="714" status="PASS">
          <params>
            <param index="0">
              <value>
                <![CDATA[org.testng.TestRunner@72d1ad2e]]>
              </value>
            </param>
          </params>
          <reporter-output>
          </reporter-output>
        </test-method> <!-- setUpClass -->
        <test-method signature="runScenario(io.cucumber.testng.PickleWrapper, io.cucumber.testng.FeatureWrapper)[pri:0, instance:com.base.TestRunner@15eb5ee5]" started-at="2022-07-14T19:19:46 BST" name="runScenario" description="Runs Cucumber Scenarios" data-provider="scenarios" finished-at="2022-07-14T19:20:03 BST" duration-ms="17205" status="PASS">
          <params>
            <param index="0">
              <value>
                <![CDATA["User should be able to create a contact and verify it is created"]]>
              </value>
            </param>
            <param index="1">
              <value>
                <![CDATA["Optional[Contacts]"]]>
              </value>
            </param>
          </params>
          <reporter-output>
          </reporter-output>
        </test-method> <!-- runScenario -->
        <test-method is-config="true" signature="tearDownClass()[pri:0, instance:com.base.TestRunner@15eb5ee5]" started-at="2022-07-14T19:20:03 BST" name="tearDownClass" finished-at="2022-07-14T19:20:06 BST" duration-ms="2728" status="PASS">
          <reporter-output>
          </reporter-output>
        </test-method> <!-- tearDownClass -->
      </class> <!-- com.base.TestRunner -->
    </test> <!-- protonframework -->
  </suite> <!-- com.protonframework -->
</testng-results>
